# JRE version: OpenJDK Runtime Environment (11.0.12+7) (build 11.0.12+7-b1504.28-7817840)
# Java VM: OpenJDK 64-Bit Server VM (11.0.12+7-b1504.28-7817840, mixed mode, tiered, compressed oops, g1 gc, windows-amd64)
Heap:
 garbage-first heap   total 158720K, used 45056K [0x0000000081400000, 0x0000000100000000)
  region size 1024K, 9 young (9216K), 7 survivors (7168K)
 Metaspace       used 58991K, capacity 59570K, committed 59776K, reserved 1101824K
  class space    used 6717K, capacity 6938K, committed 7040K, reserved 1048576K
GC Heap History (14 events):
Event: 0.528 GC heap before
{Heap before GC invocations=0 (full 0):
 garbage-first heap   total 131072K, used 17408K [0x0000000081400000, 0x0000000100000000)
  region size 1024K, 14 young (14336K), 0 survivors (0K)
 Metaspace       used 9827K, capacity 9938K, committed 10112K, reserved 1058816K
  class space    used 842K, capacity 885K, committed 896K, reserved 1048576K
}
Event: 0.532 GC heap after
{Heap after GC invocations=1 (full 0):
 garbage-first heap   total 131072K, used 5219K [0x0000000081400000, 0x0000000100000000)
  region size 1024K, 2 young (2048K), 2 survivors (2048K)
 Metaspace       used 9827K, capacity 9938K, committed 10112K, reserved 1058816K
  class space    used 842K, capacity 885K, committed 896K, reserved 1048576K
}
Event: 1.461 GC heap before
{Heap before GC invocations=1 (full 0):
 garbage-first heap   total 131072K, used 49251K [0x0000000081400000, 0x0000000100000000)
  region size 1024K, 46 young (47104K), 2 survivors (2048K)
 Metaspace       used 20751K, capacity 20990K, committed 21248K, reserved 1069056K
  class space    used 2201K, capacity 2280K, committed 2304K, reserved 1048576K
}
Event: 1.476 GC heap after
{Heap after GC invocations=2 (full 0):
 garbage-first heap   total 131072K, used 9099K [0x0000000081400000, 0x0000000100000000)
  region size 1024K, 6 young (6144K), 6 survivors (6144K)
 Metaspace       used 20751K, capacity 20990K, committed 21248K, reserved 1069056K
  class space    used 2201K, capacity 2280K, committed 2304K, reserved 1048576K
}
Event: 2.667 GC heap before
{Heap before GC invocations=3 (full 0):
 garbage-first heap   total 131072K, used 61323K [0x0000000081400000, 0x0000000100000000)
  region size 1024K, 52 young (53248K), 6 survivors (6144K)
 Metaspace       used 31886K, capacity 32340K, committed 32384K, reserved 1077248K
  class space    used 3992K, capacity 4182K, committed 4224K, reserved 1048576K
}
Event: 2.690 GC heap after
{Heap after GC invocations=4 (full 0):
 garbage-first heap   total 131072K, used 20567K [0x0000000081400000, 0x0000000100000000)
  region size 1024K, 7 young (7168K), 7 survivors (7168K)
 Metaspace       used 31886K, capacity 32340K, committed 32384K, reserved 1077248K
  class space    used 3992K, capacity 4182K, committed 4224K, reserved 1048576K
}
Event: 3.091 GC heap before
{Heap before GC invocations=4 (full 0):
 garbage-first heap   total 131072K, used 34903K [0x0000000081400000, 0x0000000100000000)
  region size 1024K, 22 young (22528K), 7 survivors (7168K)
 Metaspace       used 35003K, capacity 35455K, committed 35584K, reserved 1081344K
  class space    used 4340K, capacity 4538K, committed 4608K, reserved 1048576K
}
Event: 3.107 GC heap after
{Heap after GC invocations=5 (full 0):
 garbage-first heap   total 131072K, used 19966K [0x0000000081400000, 0x0000000100000000)
  region size 1024K, 2 young (2048K), 2 survivors (2048K)
 Metaspace       used 35003K, capacity 35455K, committed 35584K, reserved 1081344K
  class space    used 4340K, capacity 4538K, committed 4608K, reserved 1048576K
}
Event: 4.821 GC heap before
{Heap before GC invocations=6 (full 0):
 garbage-first heap   total 131072K, used 79358K [0x0000000081400000, 0x0000000100000000)
  region size 1024K, 58 young (59392K), 2 survivors (2048K)
 Metaspace       used 45890K, capacity 46428K, committed 46720K, reserved 1089536K
  class space    used 5476K, capacity 5677K, committed 5760K, reserved 1048576K
}
Event: 4.850 GC heap after
{Heap after GC invocations=7 (full 0):
 garbage-first heap   total 158720K, used 28151K [0x0000000081400000, 0x0000000100000000)
  region size 1024K, 8 young (8192K), 8 survivors (8192K)
 Metaspace       used 45890K, capacity 46428K, committed 46720K, reserved 1089536K
  class space    used 5476K, capacity 5677K, committed 5760K, reserved 1048576K
}
Event: 6.568 GC heap before
{Heap before GC invocations=8 (full 0):
 garbage-first heap   total 158720K, used 96759K [0x0000000081400000, 0x0000000100000000)
  region size 1024K, 74 young (75776K), 8 survivors (8192K)
 Metaspace       used 49649K, capacity 50154K, committed 50304K, reserved 1093632K
  class space    used 5721K, capacity 5911K, committed 6016K, reserved 1048576K
}
Event: 6.601 GC heap after
{Heap after GC invocations=9 (full 0):
 garbage-first heap   total 158720K, used 36715K [0x0000000081400000, 0x0000000100000000)
  region size 1024K, 9 young (9216K), 9 survivors (9216K)
 Metaspace       used 49649K, capacity 50154K, committed 50304K, reserved 1093632K
  class space    used 5721K, capacity 5911K, committed 6016K, reserved 1048576K
}
Event: 8.500 GC heap before
{Heap before GC invocations=9 (full 0):
 garbage-first heap   total 158720K, used 107371K [0x0000000081400000, 0x0000000100000000)
  region size 1024K, 78 young (79872K), 9 survivors (9216K)
 Metaspace       used 58929K, capacity 59506K, committed 59776K, reserved 1101824K
  class space    used 6717K, capacity 6938K, committed 7040K, reserved 1048576K
}
Event: 8.534 GC heap after
{Heap after GC invocations=10 (full 0):
 garbage-first heap   total 158720K, used 44032K [0x0000000081400000, 0x0000000100000000)
  region size 1024K, 7 young (7168K), 7 survivors (7168K)
 Metaspace       used 58929K, capacity 59506K, committed 59776K, reserved 1101824K
  class space    used 6717K, capacity 6938K, committed 7040K, reserved 1048576K
}

